<html>
<head>
<title>TestNG:  Default test</title>
<link href="../testng.css" rel="stylesheet" type="text/css" />
<link href="../my-testng.css" rel="stylesheet" type="text/css" />

<style type="text/css">
.log { display: none;} 
.stack-trace { display: none;} 
</style>
<script type="text/javascript">
<!--
function flip(e) {
  current = e.style.display;
  if (current == 'block') {
    e.style.display = 'none';
    return 0;
  }
  else {
    e.style.display = 'block';
    return 1;
  }
}

function toggleBox(szDivId, elem, msg1, msg2)
{
  var res = -1;  if (document.getElementById) {
    res = flip(document.getElementById(szDivId));
  }
  else if (document.all) {
    // this is the way old msie versions work
    res = flip(document.all[szDivId]);
  }
  if(elem) {
    if(res == 0) elem.innerHTML = msg1; else elem.innerHTML = msg2;
  }

}

function toggleAllBoxes() {
  if (document.getElementsByTagName) {
    d = document.getElementsByTagName('div');
    for (i = 0; i < d.length; i++) {
      if (d[i].className == 'log') {
        flip(d[i]);
      }
    }
  }
}

// -->
</script>

</head>
<body>
<h2 align='center'>Default test</h2><table border='1' align="center">
<tr>
<td>Tests passed/Failed/Skipped:</td><td>53/7/0</td>
</tr><tr>
<td>Started on:</td><td>Wed Mar 26 18:26:03 CDT 2025</td>
</tr>
<tr><td>Total time:</td><td>61 seconds (61532 ms)</td>
</tr><tr>
<td>Included groups:</td><td></td>
</tr><tr>
<td>Excluded groups:</td><td></td>
</tr>
</table><p/>
<small><i>(Hover the method name to see the test class name)</i></small><p/>
<table width='100%' border='1' class='invocation-failed'>
<tr><td colspan='4' align='center'><b>FAILED TESTS</b></td></tr>
<tr><td><b>Test method</b></td>
<td><b>Attribute(s)</b></td>
<td width="30%"><b>Exception</b></td>
<td width="10%"><b>Time (seconds)</b></td>
<td><b>Instance</b></td>
</tr>
<tr>
<td title='testRunner.TestRunner.runScenario()'><b>runScenario</b><br>Test class: testRunner.TestRunner<br>Test method: Runs Cucumber Scenarios<br>Parameters: "Updating Class with different values from Test data", "Class Module Functionality"</td>
<td><div><pre>java.lang.AssertionError: The following asserts failed:
	Status code mismatch! expected [400] but found [401]
	at org.testng.asserts.SoftAssert.assertAll(SoftAssert.java:46)
	at org.testng.asserts.SoftAssert.assertAll(SoftAssert.java:30)
	at requestBuilder.CommonRequest.validateStatusCode(CommonRequest.java:70)
	at stepDefinitions.Class_Step.the_admin_get_additional_fields_response_code_and_message_as_and_for_class(Class_Step.java:87)
	at ✽.The Admin get additional fields response code and message as &quot;class&quot; and &quot;TC_03_class_put&quot; for Class(file:///C:/Users/ems11/Desktop/ElamathiProjects/Team04_RestfulRebels_APIPhase2/Team04_RestfulRebels/src/test/resources/features/05Class.feature:28)
</pre></div><a href='#' onClick='toggleBox("stack-trace1612762434", this, "Click to show all stack frames", "Click to hide stack frames")'>Click to show all stack frames</a>
<div class='stack-trace' id='stack-trace1612762434'><pre>java.lang.AssertionError: The following asserts failed:
	Status code mismatch! expected [400] but found [401]
	at org.testng.asserts.SoftAssert.assertAll(SoftAssert.java:46)
	at org.testng.asserts.SoftAssert.assertAll(SoftAssert.java:30)
	at requestBuilder.CommonRequest.validateStatusCode(CommonRequest.java:70)
	at stepDefinitions.Class_Step.the_admin_get_additional_fields_response_code_and_message_as_and_for_class(Class_Step.java:87)
	at ✽.The Admin get additional fields response code and message as &quot;class&quot; and &quot;TC_03_class_put&quot; for Class(file:///C:/Users/ems11/Desktop/ElamathiProjects/Team04_RestfulRebels_APIPhase2/Team04_RestfulRebels/src/test/resources/features/05Class.feature:28)
</pre></div></td>
<td>0</td>
<td>testRunner.TestRunner@581ac8a8</td></tr>
<tr>
<td title='testRunner.TestRunner.runScenario()'><b>runScenario</b><br>Test class: testRunner.TestRunner<br>Test method: Runs Cucumber Scenarios<br>Parameters: "Creating Class with different values from Test data", "Class Module Functionality"</td>
<td><div><pre>java.lang.AssertionError: The following asserts failed:
	Status code mismatch! expected [400] but found [201]
	at org.testng.asserts.SoftAssert.assertAll(SoftAssert.java:46)
	at org.testng.asserts.SoftAssert.assertAll(SoftAssert.java:30)
	at requestBuilder.CommonRequest.validateStatusCode(CommonRequest.java:70)
	at stepDefinitions.Class_Step.the_admin_get_invalid_data_response_code_and_message_as_and_for_class(Class_Step.java:105)
	at ✽.The Admin get invalid data response code and message as &quot;class&quot; and &quot;TC_04_class_post&quot; for Class(file:///C:/Users/ems11/Desktop/ElamathiProjects/Team04_RestfulRebels_APIPhase2/Team04_RestfulRebels/src/test/resources/features/05Class.feature:11)
</pre></div><a href='#' onClick='toggleBox("stack-trace2118806269", this, "Click to show all stack frames", "Click to hide stack frames")'>Click to show all stack frames</a>
<div class='stack-trace' id='stack-trace2118806269'><pre>java.lang.AssertionError: The following asserts failed:
	Status code mismatch! expected [400] but found [201]
	at org.testng.asserts.SoftAssert.assertAll(SoftAssert.java:46)
	at org.testng.asserts.SoftAssert.assertAll(SoftAssert.java:30)
	at requestBuilder.CommonRequest.validateStatusCode(CommonRequest.java:70)
	at stepDefinitions.Class_Step.the_admin_get_invalid_data_response_code_and_message_as_and_for_class(Class_Step.java:105)
	at ✽.The Admin get invalid data response code and message as &quot;class&quot; and &quot;TC_04_class_post&quot; for Class(file:///C:/Users/ems11/Desktop/ElamathiProjects/Team04_RestfulRebels_APIPhase2/Team04_RestfulRebels/src/test/resources/features/05Class.feature:11)
</pre></div></td>
<td>1</td>
<td>testRunner.TestRunner@581ac8a8</td></tr>
<tr>
<td title='testRunner.TestRunner.runScenario()'><b>runScenario</b><br>Test class: testRunner.TestRunner<br>Test method: Runs Cucumber Scenarios<br>Parameters: "Updating Class with different values from Test data", "Class Module Functionality"</td>
<td><div><pre>java.lang.AssertionError: The following asserts failed:
	Status code mismatch! expected [400] but found [200]
	at org.testng.asserts.SoftAssert.assertAll(SoftAssert.java:46)
	at org.testng.asserts.SoftAssert.assertAll(SoftAssert.java:30)
	at requestBuilder.CommonRequest.validateStatusCode(CommonRequest.java:70)
	at stepDefinitions.Class_Step.the_admin_get_invalidData_allrecordings_response_code_and_message_as_and_for_class(Class_Step.java:303)
	at ✽.The Admin get invalidData allrecordings response code and message as &quot;class&quot; and &quot;TC_11_classAllRecord_put&quot; for Class(file:///C:/Users/ems11/Desktop/ElamathiProjects/Team04_RestfulRebels_APIPhase2/Team04_RestfulRebels/src/test/resources/features/05Class.feature:28)
</pre></div><a href='#' onClick='toggleBox("stack-trace898762325", this, "Click to show all stack frames", "Click to hide stack frames")'>Click to show all stack frames</a>
<div class='stack-trace' id='stack-trace898762325'><pre>java.lang.AssertionError: The following asserts failed:
	Status code mismatch! expected [400] but found [200]
	at org.testng.asserts.SoftAssert.assertAll(SoftAssert.java:46)
	at org.testng.asserts.SoftAssert.assertAll(SoftAssert.java:30)
	at requestBuilder.CommonRequest.validateStatusCode(CommonRequest.java:70)
	at stepDefinitions.Class_Step.the_admin_get_invalidData_allrecordings_response_code_and_message_as_and_for_class(Class_Step.java:303)
	at ✽.The Admin get invalidData allrecordings response code and message as &quot;class&quot; and &quot;TC_11_classAllRecord_put&quot; for Class(file:///C:/Users/ems11/Desktop/ElamathiProjects/Team04_RestfulRebels_APIPhase2/Team04_RestfulRebels/src/test/resources/features/05Class.feature:28)
</pre></div></td>
<td>1</td>
<td>testRunner.TestRunner@581ac8a8</td></tr>
<tr>
<td title='testRunner.TestRunner.runScenario()'><b>runScenario</b><br>Test class: testRunner.TestRunner<br>Test method: Runs Cucumber Scenarios<br>Parameters: "Login functionality with different values from Tese data", "Login Functionality"</td>
<td><div><pre>java.lang.AssertionError: The following asserts failed:
	Status code mismatch! expected [404] but found [401]
	at org.testng.asserts.SoftAssert.assertAll(SoftAssert.java:46)
	at org.testng.asserts.SoftAssert.assertAll(SoftAssert.java:30)
	at requestBuilder.CommonRequest.validateStatusCode(CommonRequest.java:70)
	at stepDefinitions.LoginandLogout_Step.the_admin_get_invalid_endpoint_response_code_and_message_as_and(LoginandLogout_Step.java:103)
	at ✽.The Admin get invalid Endpoint response code and message as &quot;login&quot; and &quot;TC_04_login&quot;(file:///C:/Users/ems11/Desktop/ElamathiProjects/Team04_RestfulRebels_APIPhase2/Team04_RestfulRebels/src/test/resources/features/01Login.feature:8)
</pre></div><a href='#' onClick='toggleBox("stack-trace445013695", this, "Click to show all stack frames", "Click to hide stack frames")'>Click to show all stack frames</a>
<div class='stack-trace' id='stack-trace445013695'><pre>java.lang.AssertionError: The following asserts failed:
	Status code mismatch! expected [404] but found [401]
	at org.testng.asserts.SoftAssert.assertAll(SoftAssert.java:46)
	at org.testng.asserts.SoftAssert.assertAll(SoftAssert.java:30)
	at requestBuilder.CommonRequest.validateStatusCode(CommonRequest.java:70)
	at stepDefinitions.LoginandLogout_Step.the_admin_get_invalid_endpoint_response_code_and_message_as_and(LoginandLogout_Step.java:103)
	at ✽.The Admin get invalid Endpoint response code and message as &quot;login&quot; and &quot;TC_04_login&quot;(file:///C:/Users/ems11/Desktop/ElamathiProjects/Team04_RestfulRebels_APIPhase2/Team04_RestfulRebels/src/test/resources/features/01Login.feature:8)
</pre></div></td>
<td>0</td>
<td>testRunner.TestRunner@581ac8a8</td></tr>
<tr>
<td title='testRunner.TestRunner.runScenario()'><b>runScenario</b><br>Test class: testRunner.TestRunner<br>Test method: Runs Cucumber Scenarios<br>Parameters: "Creating Class with different values from Test data", "Class Module Functionality"</td>
<td><div><pre>java.lang.AssertionError: The following asserts failed:
	Status code mismatch! expected [201] but found [400]
	at org.testng.asserts.SoftAssert.assertAll(SoftAssert.java:46)
	at org.testng.asserts.SoftAssert.assertAll(SoftAssert.java:30)
	at requestBuilder.CommonRequest.validateStatusCode(CommonRequest.java:70)
	at stepDefinitions.Class_Step.the_admin_get_valid_data_response_code_and_message_as_and_for_class(Class_Step.java:44)
	at ✽.The Admin get valid data response code and message as &quot;class&quot; and &quot;TC_01_class_post&quot; for Class(file:///C:/Users/ems11/Desktop/ElamathiProjects/Team04_RestfulRebels_APIPhase2/Team04_RestfulRebels/src/test/resources/features/05Class.feature:11)
</pre></div><a href='#' onClick='toggleBox("stack-trace69207690", this, "Click to show all stack frames", "Click to hide stack frames")'>Click to show all stack frames</a>
<div class='stack-trace' id='stack-trace69207690'><pre>java.lang.AssertionError: The following asserts failed:
	Status code mismatch! expected [201] but found [400]
	at org.testng.asserts.SoftAssert.assertAll(SoftAssert.java:46)
	at org.testng.asserts.SoftAssert.assertAll(SoftAssert.java:30)
	at requestBuilder.CommonRequest.validateStatusCode(CommonRequest.java:70)
	at stepDefinitions.Class_Step.the_admin_get_valid_data_response_code_and_message_as_and_for_class(Class_Step.java:44)
	at ✽.The Admin get valid data response code and message as &quot;class&quot; and &quot;TC_01_class_post&quot; for Class(file:///C:/Users/ems11/Desktop/ElamathiProjects/Team04_RestfulRebels_APIPhase2/Team04_RestfulRebels/src/test/resources/features/05Class.feature:11)
</pre></div></td>
<td>1</td>
<td>testRunner.TestRunner@581ac8a8</td></tr>
<tr>
<td title='testRunner.TestRunner.runScenario()'><b>runScenario</b><br>Test class: testRunner.TestRunner<br>Test method: Runs Cucumber Scenarios<br>Parameters: "Creating Class with different values from Test data", "Class Module Functionality"</td>
<td><div><pre>java.lang.AssertionError: The following asserts failed:
	Status code mismatch! expected [201] but found [400]
	at org.testng.asserts.SoftAssert.assertAll(SoftAssert.java:46)
	at org.testng.asserts.SoftAssert.assertAll(SoftAssert.java:30)
	at requestBuilder.CommonRequest.validateStatusCode(CommonRequest.java:70)
	at stepDefinitions.Class_Step.the_admin_get_mandatory_fields_response_code_and_message_as_and_for_class(Class_Step.java:65)
	at ✽.The Admin get mandatory fields response code and message as &quot;class&quot; and &quot;TC_02_class_post&quot; for Class(file:///C:/Users/ems11/Desktop/ElamathiProjects/Team04_RestfulRebels_APIPhase2/Team04_RestfulRebels/src/test/resources/features/05Class.feature:11)
</pre></div><a href='#' onClick='toggleBox("stack-trace889659405", this, "Click to show all stack frames", "Click to hide stack frames")'>Click to show all stack frames</a>
<div class='stack-trace' id='stack-trace889659405'><pre>java.lang.AssertionError: The following asserts failed:
	Status code mismatch! expected [201] but found [400]
	at org.testng.asserts.SoftAssert.assertAll(SoftAssert.java:46)
	at org.testng.asserts.SoftAssert.assertAll(SoftAssert.java:30)
	at requestBuilder.CommonRequest.validateStatusCode(CommonRequest.java:70)
	at stepDefinitions.Class_Step.the_admin_get_mandatory_fields_response_code_and_message_as_and_for_class(Class_Step.java:65)
	at ✽.The Admin get mandatory fields response code and message as &quot;class&quot; and &quot;TC_02_class_post&quot; for Class(file:///C:/Users/ems11/Desktop/ElamathiProjects/Team04_RestfulRebels_APIPhase2/Team04_RestfulRebels/src/test/resources/features/05Class.feature:11)
</pre></div></td>
<td>1</td>
<td>testRunner.TestRunner@581ac8a8</td></tr>
<tr>
<td title='testRunner.TestRunner.runScenario()'><b>runScenario</b><br>Test class: testRunner.TestRunner<br>Test method: Runs Cucumber Scenarios<br>Parameters: "Updating Class with different values from Test data", "Class Module Functionality"</td>
<td><div><pre>java.lang.AssertionError: The following asserts failed:
	Status code mismatch! expected [400] but found [200]
	at org.testng.asserts.SoftAssert.assertAll(SoftAssert.java:46)
	at org.testng.asserts.SoftAssert.assertAll(SoftAssert.java:30)
	at requestBuilder.CommonRequest.validateStatusCode(CommonRequest.java:70)
	at stepDefinitions.Class_Step.the_admin_get_invalid_topic_response_code_and_message_as_and_for_class(Class_Step.java:223)
	at ✽.The Admin get invalid Topic response code and message as &quot;class&quot; and &quot;TC_05_class_put&quot; for Class(file:///C:/Users/ems11/Desktop/ElamathiProjects/Team04_RestfulRebels_APIPhase2/Team04_RestfulRebels/src/test/resources/features/05Class.feature:28)
</pre></div><a href='#' onClick='toggleBox("stack-trace1364947765", this, "Click to show all stack frames", "Click to hide stack frames")'>Click to show all stack frames</a>
<div class='stack-trace' id='stack-trace1364947765'><pre>java.lang.AssertionError: The following asserts failed:
	Status code mismatch! expected [400] but found [200]
	at org.testng.asserts.SoftAssert.assertAll(SoftAssert.java:46)
	at org.testng.asserts.SoftAssert.assertAll(SoftAssert.java:30)
	at requestBuilder.CommonRequest.validateStatusCode(CommonRequest.java:70)
	at stepDefinitions.Class_Step.the_admin_get_invalid_topic_response_code_and_message_as_and_for_class(Class_Step.java:223)
	at ✽.The Admin get invalid Topic response code and message as &quot;class&quot; and &quot;TC_05_class_put&quot; for Class(file:///C:/Users/ems11/Desktop/ElamathiProjects/Team04_RestfulRebels_APIPhase2/Team04_RestfulRebels/src/test/resources/features/05Class.feature:28)
</pre></div></td>
<td>0</td>
<td>testRunner.TestRunner@581ac8a8</td></tr>
</table><p>
<table width='100%' border='1' class='invocation-passed'>
<tr><td colspan='4' align='center'><b>PASSED TESTS</b></td></tr>
<tr><td><b>Test method</b></td>
<td><b>Attribute(s)</b></td>
<td width="30%"><b>Exception</b></td>
<td width="10%"><b>Time (seconds)</b></td>
<td><b>Instance</b></td>
</tr>
<tr>
<td title='testRunner.TestRunner.runScenario()'><b>runScenario</b><br>Test class: testRunner.TestRunner<br>Test method: Runs Cucumber Scenarios<br>Parameters: "Login functionality with different values from Tese data", "Login Functionality"</td>
<td></td>
<td>0</td>
<td>testRunner.TestRunner@581ac8a8</td></tr>
<tr>
<td title='testRunner.TestRunner.runScenario()'><b>runScenario</b><br>Test class: testRunner.TestRunner<br>Test method: Runs Cucumber Scenarios<br>Parameters: "Get functionality for different endpoints for class invalid scenarios", "Class Module Functionality"</td>
<td></td>
<td>0</td>
<td>testRunner.TestRunner@581ac8a8</td></tr>
<tr>
<td title='testRunner.TestRunner.runScenario()'><b>runScenario</b><br>Test class: testRunner.TestRunner<br>Test method: Runs Cucumber Scenarios<br>Parameters: "Get functionality for different endpoints for class", "Class Module Functionality"</td>
<td></td>
<td>0</td>
<td>testRunner.TestRunner@581ac8a8</td></tr>
<tr>
<td title='testRunner.TestRunner.runScenario()'><b>runScenario</b><br>Test class: testRunner.TestRunner<br>Test method: Runs Cucumber Scenarios<br>Parameters: "Get functionality for different endpoints for class", "Class Module Functionality"</td>
<td></td>
<td>1</td>
<td>testRunner.TestRunner@581ac8a8</td></tr>
<tr>
<td title='testRunner.TestRunner.runScenario()'><b>runScenario</b><br>Test class: testRunner.TestRunner<br>Test method: Runs Cucumber Scenarios<br>Parameters: "Get functionality for different endpoints for class invalid scenarios", "Class Module Functionality"</td>
<td></td>
<td>0</td>
<td>testRunner.TestRunner@581ac8a8</td></tr>
<tr>
<td title='testRunner.TestRunner.runScenario()'><b>runScenario</b><br>Test class: testRunner.TestRunner<br>Test method: Runs Cucumber Scenarios<br>Parameters: "Get functionality for different endpoints for class invalid scenarios", "Class Module Functionality"</td>
<td></td>
<td>0</td>
<td>testRunner.TestRunner@581ac8a8</td></tr>
<tr>
<td title='testRunner.TestRunner.runScenario()'><b>runScenario</b><br>Test class: testRunner.TestRunner<br>Test method: Runs Cucumber Scenarios<br>Parameters: "Get functionality for different endpoints for class invalid scenarios", "Class Module Functionality"</td>
<td></td>
<td>0</td>
<td>testRunner.TestRunner@581ac8a8</td></tr>
<tr>
<td title='testRunner.TestRunner.runScenario()'><b>runScenario</b><br>Test class: testRunner.TestRunner<br>Test method: Runs Cucumber Scenarios<br>Parameters: "Get functionality for different endpoints for class invalid scenarios", "Class Module Functionality"</td>
<td></td>
<td>0</td>
<td>testRunner.TestRunner@581ac8a8</td></tr>
<tr>
<td title='testRunner.TestRunner.runScenario()'><b>runScenario</b><br>Test class: testRunner.TestRunner<br>Test method: Runs Cucumber Scenarios<br>Parameters: "Change the classId status to Active for chaining", "Class Module Functionality"</td>
<td></td>
<td>1</td>
<td>testRunner.TestRunner@581ac8a8</td></tr>
<tr>
<td title='testRunner.TestRunner.runScenario()'><b>runScenario</b><br>Test class: testRunner.TestRunner<br>Test method: Runs Cucumber Scenarios<br>Parameters: "Get functionality for different endpoints for class invalid scenarios", "Class Module Functionality"</td>
<td></td>
<td>1</td>
<td>testRunner.TestRunner@581ac8a8</td></tr>
<tr>
<td title='testRunner.TestRunner.runScenario()'><b>runScenario</b><br>Test class: testRunner.TestRunner<br>Test method: Runs Cucumber Scenarios<br>Parameters: "Updating Class with different values from Test data", "Class Module Functionality"</td>
<td></td>
<td>0</td>
<td>testRunner.TestRunner@581ac8a8</td></tr>
<tr>
<td title='testRunner.TestRunner.runScenario()'><b>runScenario</b><br>Test class: testRunner.TestRunner<br>Test method: Runs Cucumber Scenarios<br>Parameters: "Updating Class with different values from Test data", "Class Module Functionality"</td>
<td></td>
<td>0</td>
<td>testRunner.TestRunner@581ac8a8</td></tr>
<tr>
<td title='testRunner.TestRunner.runScenario()'><b>runScenario</b><br>Test class: testRunner.TestRunner<br>Test method: Runs Cucumber Scenarios<br>Parameters: "Creating Class with different values from Test data", "Class Module Functionality"</td>
<td></td>
<td>0</td>
<td>testRunner.TestRunner@581ac8a8</td></tr>
<tr>
<td title='testRunner.TestRunner.runScenario()'><b>runScenario</b><br>Test class: testRunner.TestRunner<br>Test method: Runs Cucumber Scenarios<br>Parameters: "Delete functionality for different values for class", "Class Module Functionality"</td>
<td></td>
<td>0</td>
<td>testRunner.TestRunner@581ac8a8</td></tr>
<tr>
<td title='testRunner.TestRunner.runScenario()'><b>runScenario</b><br>Test class: testRunner.TestRunner<br>Test method: Runs Cucumber Scenarios<br>Parameters: "Delete functionality for different values for class", "Class Module Functionality"</td>
<td></td>
<td>0</td>
<td>testRunner.TestRunner@581ac8a8</td></tr>
<tr>
<td title='testRunner.TestRunner.runScenario()'><b>runScenario</b><br>Test class: testRunner.TestRunner<br>Test method: Runs Cucumber Scenarios<br>Parameters: "Login functionality with different values from Tese data", "Login Functionality"</td>
<td></td>
<td>0</td>
<td>testRunner.TestRunner@581ac8a8</td></tr>
<tr>
<td title='testRunner.TestRunner.runScenario()'><b>runScenario</b><br>Test class: testRunner.TestRunner<br>Test method: Runs Cucumber Scenarios<br>Parameters: "Creating Class with different values from Test data", "Class Module Functionality"</td>
<td></td>
<td>0</td>
<td>testRunner.TestRunner@581ac8a8</td></tr>
<tr>
<td title='testRunner.TestRunner.runScenario()'><b>runScenario</b><br>Test class: testRunner.TestRunner<br>Test method: Runs Cucumber Scenarios<br>Parameters: "Get functionality for different endpoints for class invalid scenarios", "Class Module Functionality"</td>
<td></td>
<td>0</td>
<td>testRunner.TestRunner@581ac8a8</td></tr>
<tr>
<td title='testRunner.TestRunner.runScenario()'><b>runScenario</b><br>Test class: testRunner.TestRunner<br>Test method: Runs Cucumber Scenarios<br>Parameters: "Get functionality for different endpoints for class invalid scenarios", "Class Module Functionality"</td>
<td></td>
<td>0</td>
<td>testRunner.TestRunner@581ac8a8</td></tr>
<tr>
<td title='testRunner.TestRunner.runScenario()'><b>runScenario</b><br>Test class: testRunner.TestRunner<br>Test method: Runs Cucumber Scenarios<br>Parameters: "Get functionality for different endpoints for class invalid scenarios", "Class Module Functionality"</td>
<td></td>
<td>0</td>
<td>testRunner.TestRunner@581ac8a8</td></tr>
<tr>
<td title='testRunner.TestRunner.runScenario()'><b>runScenario</b><br>Test class: testRunner.TestRunner<br>Test method: Runs Cucumber Scenarios<br>Parameters: "Updating Class with different values from Test data", "Class Module Functionality"</td>
<td></td>
<td>0</td>
<td>testRunner.TestRunner@581ac8a8</td></tr>
<tr>
<td title='testRunner.TestRunner.runScenario()'><b>runScenario</b><br>Test class: testRunner.TestRunner<br>Test method: Runs Cucumber Scenarios<br>Parameters: "Creating Class with different values from Test data", "Class Module Functionality"</td>
<td></td>
<td>0</td>
<td>testRunner.TestRunner@581ac8a8</td></tr>
<tr>
<td title='testRunner.TestRunner.runScenario()'><b>runScenario</b><br>Test class: testRunner.TestRunner<br>Test method: Runs Cucumber Scenarios<br>Parameters: "Get functionality for different endpoints for class invalid scenarios", "Class Module Functionality"</td>
<td></td>
<td>0</td>
<td>testRunner.TestRunner@581ac8a8</td></tr>
<tr>
<td title='testRunner.TestRunner.runScenario()'><b>runScenario</b><br>Test class: testRunner.TestRunner<br>Test method: Runs Cucumber Scenarios<br>Parameters: "Get functionality for different endpoints for class", "Class Module Functionality"</td>
<td></td>
<td>0</td>
<td>testRunner.TestRunner@581ac8a8</td></tr>
<tr>
<td title='testRunner.TestRunner.runScenario()'><b>runScenario</b><br>Test class: testRunner.TestRunner<br>Test method: Runs Cucumber Scenarios<br>Parameters: "Delete functionality for different values for class", "Class Module Functionality"</td>
<td></td>
<td>0</td>
<td>testRunner.TestRunner@581ac8a8</td></tr>
<tr>
<td title='testRunner.TestRunner.runScenario()'><b>runScenario</b><br>Test class: testRunner.TestRunner<br>Test method: Runs Cucumber Scenarios<br>Parameters: "Updating Class with different values from Test data", "Class Module Functionality"</td>
<td></td>
<td>0</td>
<td>testRunner.TestRunner@581ac8a8</td></tr>
<tr>
<td title='testRunner.TestRunner.runScenario()'><b>runScenario</b><br>Test class: testRunner.TestRunner<br>Test method: Runs Cucumber Scenarios<br>Parameters: "Get functionality for different endpoints for class invalid scenarios", "Class Module Functionality"</td>
<td></td>
<td>0</td>
<td>testRunner.TestRunner@581ac8a8</td></tr>
<tr>
<td title='testRunner.TestRunner.runScenario()'><b>runScenario</b><br>Test class: testRunner.TestRunner<br>Test method: Runs Cucumber Scenarios<br>Parameters: "Get functionality for different endpoints for class invalid scenarios", "Class Module Functionality"</td>
<td></td>
<td>0</td>
<td>testRunner.TestRunner@581ac8a8</td></tr>
<tr>
<td title='testRunner.TestRunner.runScenario()'><b>runScenario</b><br>Test class: testRunner.TestRunner<br>Test method: Runs Cucumber Scenarios<br>Parameters: "Login functionality with different values from Tese data", "Login Functionality"</td>
<td></td>
<td>3</td>
<td>testRunner.TestRunner@581ac8a8</td></tr>
<tr>
<td title='testRunner.TestRunner.runScenario()'><b>runScenario</b><br>Test class: testRunner.TestRunner<br>Test method: Runs Cucumber Scenarios<br>Parameters: "Updating Class with different values from Test data", "Class Module Functionality"</td>
<td></td>
<td>0</td>
<td>testRunner.TestRunner@581ac8a8</td></tr>
<tr>
<td title='testRunner.TestRunner.runScenario()'><b>runScenario</b><br>Test class: testRunner.TestRunner<br>Test method: Runs Cucumber Scenarios<br>Parameters: "Get functionality for different endpoints for class", "Class Module Functionality"</td>
<td></td>
<td>1</td>
<td>testRunner.TestRunner@581ac8a8</td></tr>
<tr>
<td title='testRunner.TestRunner.runScenario()'><b>runScenario</b><br>Test class: testRunner.TestRunner<br>Test method: Runs Cucumber Scenarios<br>Parameters: "Login functionality with different values from Tese data", "Login Functionality"</td>
<td></td>
<td>0</td>
<td>testRunner.TestRunner@581ac8a8</td></tr>
<tr>
<td title='testRunner.TestRunner.runScenario()'><b>runScenario</b><br>Test class: testRunner.TestRunner<br>Test method: Runs Cucumber Scenarios<br>Parameters: "Get functionality for different endpoints for class invalid scenarios", "Class Module Functionality"</td>
<td></td>
<td>0</td>
<td>testRunner.TestRunner@581ac8a8</td></tr>
<tr>
<td title='testRunner.TestRunner.runScenario()'><b>runScenario</b><br>Test class: testRunner.TestRunner<br>Test method: Runs Cucumber Scenarios<br>Parameters: "Updating Class with different values from Test data", "Class Module Functionality"</td>
<td></td>
<td>0</td>
<td>testRunner.TestRunner@581ac8a8</td></tr>
<tr>
<td title='testRunner.TestRunner.runScenario()'><b>runScenario</b><br>Test class: testRunner.TestRunner<br>Test method: Runs Cucumber Scenarios<br>Parameters: "Get functionality for different endpoints for class invalid scenarios", "Class Module Functionality"</td>
<td></td>
<td>0</td>
<td>testRunner.TestRunner@581ac8a8</td></tr>
<tr>
<td title='testRunner.TestRunner.runScenario()'><b>runScenario</b><br>Test class: testRunner.TestRunner<br>Test method: Runs Cucumber Scenarios<br>Parameters: "Get functionality for different endpoints for class", "Class Module Functionality"</td>
<td></td>
<td>0</td>
<td>testRunner.TestRunner@581ac8a8</td></tr>
<tr>
<td title='testRunner.TestRunner.runScenario()'><b>runScenario</b><br>Test class: testRunner.TestRunner<br>Test method: Runs Cucumber Scenarios<br>Parameters: "Get functionality for different endpoints for class invalid scenarios", "Class Module Functionality"</td>
<td></td>
<td>1</td>
<td>testRunner.TestRunner@581ac8a8</td></tr>
<tr>
<td title='testRunner.TestRunner.runScenario()'><b>runScenario</b><br>Test class: testRunner.TestRunner<br>Test method: Runs Cucumber Scenarios<br>Parameters: "Get functionality for different endpoints for class invalid scenarios", "Class Module Functionality"</td>
<td></td>
<td>0</td>
<td>testRunner.TestRunner@581ac8a8</td></tr>
<tr>
<td title='testRunner.TestRunner.runScenario()'><b>runScenario</b><br>Test class: testRunner.TestRunner<br>Test method: Runs Cucumber Scenarios<br>Parameters: "Get functionality for different endpoints for class", "Class Module Functionality"</td>
<td></td>
<td>0</td>
<td>testRunner.TestRunner@581ac8a8</td></tr>
<tr>
<td title='testRunner.TestRunner.runScenario()'><b>runScenario</b><br>Test class: testRunner.TestRunner<br>Test method: Runs Cucumber Scenarios<br>Parameters: "Get functionality for different endpoints for class invalid scenarios", "Class Module Functionality"</td>
<td></td>
<td>0</td>
<td>testRunner.TestRunner@581ac8a8</td></tr>
<tr>
<td title='testRunner.TestRunner.runScenario()'><b>runScenario</b><br>Test class: testRunner.TestRunner<br>Test method: Runs Cucumber Scenarios<br>Parameters: "Get functionality for different endpoints for class invalid scenarios", "Class Module Functionality"</td>
<td></td>
<td>0</td>
<td>testRunner.TestRunner@581ac8a8</td></tr>
<tr>
<td title='testRunner.TestRunner.runScenario()'><b>runScenario</b><br>Test class: testRunner.TestRunner<br>Test method: Runs Cucumber Scenarios<br>Parameters: "Get functionality for different endpoints for class", "Class Module Functionality"</td>
<td></td>
<td>2</td>
<td>testRunner.TestRunner@581ac8a8</td></tr>
<tr>
<td title='testRunner.TestRunner.runScenario()'><b>runScenario</b><br>Test class: testRunner.TestRunner<br>Test method: Runs Cucumber Scenarios<br>Parameters: "Updating Class with different values from Test data", "Class Module Functionality"</td>
<td></td>
<td>0</td>
<td>testRunner.TestRunner@581ac8a8</td></tr>
<tr>
<td title='testRunner.TestRunner.runScenario()'><b>runScenario</b><br>Test class: testRunner.TestRunner<br>Test method: Runs Cucumber Scenarios<br>Parameters: "Get functionality for different endpoints for class invalid scenarios", "Class Module Functionality"</td>
<td></td>
<td>0</td>
<td>testRunner.TestRunner@581ac8a8</td></tr>
<tr>
<td title='testRunner.TestRunner.runScenario()'><b>runScenario</b><br>Test class: testRunner.TestRunner<br>Test method: Runs Cucumber Scenarios<br>Parameters: "Get functionality for different endpoints for class invalid scenarios", "Class Module Functionality"</td>
<td></td>
<td>0</td>
<td>testRunner.TestRunner@581ac8a8</td></tr>
<tr>
<td title='testRunner.TestRunner.runScenario()'><b>runScenario</b><br>Test class: testRunner.TestRunner<br>Test method: Runs Cucumber Scenarios<br>Parameters: "Get functionality for different endpoints for class", "Class Module Functionality"</td>
<td></td>
<td>0</td>
<td>testRunner.TestRunner@581ac8a8</td></tr>
<tr>
<td title='testRunner.TestRunner.runScenario()'><b>runScenario</b><br>Test class: testRunner.TestRunner<br>Test method: Runs Cucumber Scenarios<br>Parameters: "Get functionality for different endpoints for class invalid scenarios", "Class Module Functionality"</td>
<td></td>
<td>0</td>
<td>testRunner.TestRunner@581ac8a8</td></tr>
<tr>
<td title='testRunner.TestRunner.runScenario()'><b>runScenario</b><br>Test class: testRunner.TestRunner<br>Test method: Runs Cucumber Scenarios<br>Parameters: "Get functionality for different endpoints for class invalid scenarios", "Class Module Functionality"</td>
<td></td>
<td>0</td>
<td>testRunner.TestRunner@581ac8a8</td></tr>
<tr>
<td title='testRunner.TestRunner.runScenario()'><b>runScenario</b><br>Test class: testRunner.TestRunner<br>Test method: Runs Cucumber Scenarios<br>Parameters: "Updating Class with different values from Test data", "Class Module Functionality"</td>
<td></td>
<td>1</td>
<td>testRunner.TestRunner@581ac8a8</td></tr>
<tr>
<td title='testRunner.TestRunner.runScenario()'><b>runScenario</b><br>Test class: testRunner.TestRunner<br>Test method: Runs Cucumber Scenarios<br>Parameters: "Creating Class with different values from Test data", "Class Module Functionality"</td>
<td></td>
<td>0</td>
<td>testRunner.TestRunner@581ac8a8</td></tr>
<tr>
<td title='testRunner.TestRunner.runScenario()'><b>runScenario</b><br>Test class: testRunner.TestRunner<br>Test method: Runs Cucumber Scenarios<br>Parameters: "Updating Class with different values from Test data", "Class Module Functionality"</td>
<td></td>
<td>0</td>
<td>testRunner.TestRunner@581ac8a8</td></tr>
<tr>
<td title='testRunner.TestRunner.runScenario()'><b>runScenario</b><br>Test class: testRunner.TestRunner<br>Test method: Runs Cucumber Scenarios<br>Parameters: "Updating Class with different values from Test data", "Class Module Functionality"</td>
<td></td>
<td>0</td>
<td>testRunner.TestRunner@581ac8a8</td></tr>
<tr>
<td title='testRunner.TestRunner.runScenario()'><b>runScenario</b><br>Test class: testRunner.TestRunner<br>Test method: Runs Cucumber Scenarios<br>Parameters: "Login functionality with different values from Tese data", "Login Functionality"</td>
<td></td>
<td>0</td>
<td>testRunner.TestRunner@581ac8a8</td></tr>
</table><p>
</body>
</html>