<?xml version="1.0" encoding="UTF-8"?>
<!-- Generated by org.testng.reporters.JUnitReportReporter -->
<testsuite hostname="Ela" failures="7" tests="60" name="testRunner.TestRunner" time="51.353" errors="0" timestamp="2025-03-26T18:27:05 CDT" skipped="0">
  <testcase classname="testRunner.TestRunner" name="runScenario" time="0.849"/>
  <testcase classname="testRunner.TestRunner" name="runScenario" time="0.615"/>
  <testcase classname="testRunner.TestRunner" name="runScenario" time="1.052">
    <failure message="The following asserts failed:
	Status code mismatch! expected [201] but found [400]" type="java.lang.AssertionError">
      <![CDATA[java.lang.AssertionError: The following asserts failed:
Status code mismatch! expected [201] but found [400]
at org.testng.asserts.SoftAssert.assertAll(SoftAssert.java:46)
at org.testng.asserts.SoftAssert.assertAll(SoftAssert.java:30)
at requestBuilder.CommonRequest.validateStatusCode(CommonRequest.java:70)
at stepDefinitions.Class_Step.the_admin_get_mandatory_fields_response_code_and_message_as_and_for_class(Class_Step.java:65)
at ✽.The Admin get mandatory fields response code and message as "class" and "TC_02_class_post" for Class(file:///C:/Users/ems11/Desktop/ElamathiProjects/Team04_RestfulRebels_APIPhase2/Team04_RestfulRebels/src/test/resources/features/05Class.feature:11)
]]>
    </failure>
  </testcase> <!-- runScenario -->
  <testcase classname="testRunner.TestRunner" name="runScenario" time="0.919"/>
  <testcase classname="testRunner.TestRunner" name="runScenario" time="1.074"/>
  <testcase classname="testRunner.TestRunner" name="runScenario" time="0.454"/>
  <testcase classname="testRunner.TestRunner" name="runScenario" time="0.617"/>
  <testcase classname="testRunner.TestRunner" name="runScenario" time="0.616"/>
  <testcase classname="testRunner.TestRunner" name="runScenario" time="0.497"/>
  <testcase classname="testRunner.TestRunner" name="runScenario" time="1.022"/>
  <testcase classname="testRunner.TestRunner" name="runScenario" time="1.021"/>
  <testcase classname="testRunner.TestRunner" name="runScenario" time="0.511"/>
  <testcase classname="testRunner.TestRunner" name="runScenario" time="0.617"/>
  <testcase classname="testRunner.TestRunner" name="runScenario" time="0.598"/>
  <testcase classname="testRunner.TestRunner" name="runScenario" time="0.921"/>
  <testcase classname="testRunner.TestRunner" name="runScenario" time="0.816"/>
  <testcase classname="testRunner.TestRunner" name="runScenario" time="0.898"/>
  <testcase classname="testRunner.TestRunner" name="runScenario" time="0.597"/>
  <testcase classname="testRunner.TestRunner" name="runScenario" time="1.018">
    <failure message="The following asserts failed:
	Status code mismatch! expected [201] but found [400]" type="java.lang.AssertionError">
      <![CDATA[java.lang.AssertionError: The following asserts failed:
Status code mismatch! expected [201] but found [400]
at org.testng.asserts.SoftAssert.assertAll(SoftAssert.java:46)
at org.testng.asserts.SoftAssert.assertAll(SoftAssert.java:30)
at requestBuilder.CommonRequest.validateStatusCode(CommonRequest.java:70)
at stepDefinitions.Class_Step.the_admin_get_valid_data_response_code_and_message_as_and_for_class(Class_Step.java:44)
at ✽.The Admin get valid data response code and message as "class" and "TC_01_class_post" for Class(file:///C:/Users/ems11/Desktop/ElamathiProjects/Team04_RestfulRebels_APIPhase2/Team04_RestfulRebels/src/test/resources/features/05Class.feature:11)
]]>
    </failure>
  </testcase> <!-- runScenario -->
  <testcase classname="testRunner.TestRunner" name="runScenario" time="0.585"/>
  <testcase classname="testRunner.TestRunner" name="runScenario" time="0.709"/>
  <testcase classname="testRunner.TestRunner" name="runScenario" time="0.615"/>
  <testcase classname="testRunner.TestRunner" name="runScenario" time="0.921"/>
  <testcase classname="testRunner.TestRunner" name="runScenario" time="0.594"/>
  <testcase classname="testRunner.TestRunner" name="runScenario" time="0.624"/>
  <testcase classname="testRunner.TestRunner" name="runScenario" time="0.607"/>
  <testcase classname="testRunner.TestRunner" name="runScenario" time="0.714"/>
  <testcase classname="testRunner.TestRunner" name="runScenario" time="1.024">
    <failure message="The following asserts failed:
	Status code mismatch! expected [400] but found [201]" type="java.lang.AssertionError">
      <![CDATA[java.lang.AssertionError: The following asserts failed:
Status code mismatch! expected [400] but found [201]
at org.testng.asserts.SoftAssert.assertAll(SoftAssert.java:46)
at org.testng.asserts.SoftAssert.assertAll(SoftAssert.java:30)
at requestBuilder.CommonRequest.validateStatusCode(CommonRequest.java:70)
at stepDefinitions.Class_Step.the_admin_get_invalid_data_response_code_and_message_as_and_for_class(Class_Step.java:105)
at ✽.The Admin get invalid data response code and message as "class" and "TC_04_class_post" for Class(file:///C:/Users/ems11/Desktop/ElamathiProjects/Team04_RestfulRebels_APIPhase2/Team04_RestfulRebels/src/test/resources/features/05Class.feature:11)
]]>
    </failure>
  </testcase> <!-- runScenario -->
  <testcase classname="testRunner.TestRunner" name="runScenario" time="0.815"/>
  <testcase classname="testRunner.TestRunner" name="runScenario" time="0.603">
    <failure message="The following asserts failed:
	Status code mismatch! expected [404] but found [401]" type="java.lang.AssertionError">
      <![CDATA[java.lang.AssertionError: The following asserts failed:
Status code mismatch! expected [404] but found [401]
at org.testng.asserts.SoftAssert.assertAll(SoftAssert.java:46)
at org.testng.asserts.SoftAssert.assertAll(SoftAssert.java:30)
at requestBuilder.CommonRequest.validateStatusCode(CommonRequest.java:70)
at stepDefinitions.LoginandLogout_Step.the_admin_get_invalid_endpoint_response_code_and_message_as_and(LoginandLogout_Step.java:103)
at ✽.The Admin get invalid Endpoint response code and message as "login" and "TC_04_login"(file:///C:/Users/ems11/Desktop/ElamathiProjects/Team04_RestfulRebels_APIPhase2/Team04_RestfulRebels/src/test/resources/features/01Login.feature:8)
]]>
    </failure>
  </testcase> <!-- runScenario -->
  <testcase classname="testRunner.TestRunner" name="runScenario" time="0.803"/>
  <testcase classname="testRunner.TestRunner" name="runScenario" time="0.799"/>
  <testcase classname="testRunner.TestRunner" name="runScenario" time="3.829"/>
  <testcase classname="testRunner.TestRunner" name="runScenario" time="0.846"/>
  <testcase classname="testRunner.TestRunner" name="runScenario" time="1.778"/>
  <testcase classname="testRunner.TestRunner" name="runScenario" time="0.614"/>
  <testcase classname="testRunner.TestRunner" name="runScenario" time="1.070">
    <failure message="The following asserts failed:
	Status code mismatch! expected [400] but found [200]" type="java.lang.AssertionError">
      <![CDATA[java.lang.AssertionError: The following asserts failed:
Status code mismatch! expected [400] but found [200]
at org.testng.asserts.SoftAssert.assertAll(SoftAssert.java:46)
at org.testng.asserts.SoftAssert.assertAll(SoftAssert.java:30)
at requestBuilder.CommonRequest.validateStatusCode(CommonRequest.java:70)
at stepDefinitions.Class_Step.the_admin_get_invalidData_allrecordings_response_code_and_message_as_and_for_class(Class_Step.java:303)
at ✽.The Admin get invalidData allrecordings response code and message as "class" and "TC_11_classAllRecord_put" for Class(file:///C:/Users/ems11/Desktop/ElamathiProjects/Team04_RestfulRebels_APIPhase2/Team04_RestfulRebels/src/test/resources/features/05Class.feature:28)
]]>
    </failure>
  </testcase> <!-- runScenario -->
  <testcase classname="testRunner.TestRunner" name="runScenario" time="0.621"/>
  <testcase classname="testRunner.TestRunner" name="runScenario" time="0.594"/>
  <testcase classname="testRunner.TestRunner" name="runScenario" time="0.607"/>
  <testcase classname="testRunner.TestRunner" name="runScenario" time="0.754"/>
  <testcase classname="testRunner.TestRunner" name="runScenario" time="1.054"/>
  <testcase classname="testRunner.TestRunner" name="runScenario" time="0.885"/>
  <testcase classname="testRunner.TestRunner" name="runScenario" time="0.876"/>
  <testcase classname="testRunner.TestRunner" name="runScenario" time="0.826"/>
  <testcase classname="testRunner.TestRunner" name="runScenario" time="0.716"/>
  <testcase classname="testRunner.TestRunner" name="runScenario" time="2.554"/>
  <testcase classname="testRunner.TestRunner" name="runScenario" time="0.572"/>
  <testcase classname="testRunner.TestRunner" name="runScenario" time="0.785">
    <failure message="The following asserts failed:
	Status code mismatch! expected [400] but found [401]" type="java.lang.AssertionError">
      <![CDATA[java.lang.AssertionError: The following asserts failed:
Status code mismatch! expected [400] but found [401]
at org.testng.asserts.SoftAssert.assertAll(SoftAssert.java:46)
at org.testng.asserts.SoftAssert.assertAll(SoftAssert.java:30)
at requestBuilder.CommonRequest.validateStatusCode(CommonRequest.java:70)
at stepDefinitions.Class_Step.the_admin_get_additional_fields_response_code_and_message_as_and_for_class(Class_Step.java:87)
at ✽.The Admin get additional fields response code and message as "class" and "TC_03_class_put" for Class(file:///C:/Users/ems11/Desktop/ElamathiProjects/Team04_RestfulRebels_APIPhase2/Team04_RestfulRebels/src/test/resources/features/05Class.feature:28)
]]>
    </failure>
  </testcase> <!-- runScenario -->
  <testcase classname="testRunner.TestRunner" name="runScenario" time="0.915"/>
  <testcase classname="testRunner.TestRunner" name="runScenario" time="0.627"/>
  <testcase classname="testRunner.TestRunner" name="runScenario" time="0.629"/>
  <testcase classname="testRunner.TestRunner" name="runScenario" time="0.921"/>
  <testcase classname="testRunner.TestRunner" name="runScenario" time="0.609"/>
  <testcase classname="testRunner.TestRunner" name="runScenario" time="0.626">
    <failure message="The following asserts failed:
	Status code mismatch! expected [400] but found [200]" type="java.lang.AssertionError">
      <![CDATA[java.lang.AssertionError: The following asserts failed:
Status code mismatch! expected [400] but found [200]
at org.testng.asserts.SoftAssert.assertAll(SoftAssert.java:46)
at org.testng.asserts.SoftAssert.assertAll(SoftAssert.java:30)
at requestBuilder.CommonRequest.validateStatusCode(CommonRequest.java:70)
at stepDefinitions.Class_Step.the_admin_get_invalid_topic_response_code_and_message_as_and_for_class(Class_Step.java:223)
at ✽.The Admin get invalid Topic response code and message as "class" and "TC_05_class_put" for Class(file:///C:/Users/ems11/Desktop/ElamathiProjects/Team04_RestfulRebels_APIPhase2/Team04_RestfulRebels/src/test/resources/features/05Class.feature:28)
]]>
    </failure>
  </testcase> <!-- runScenario -->
  <testcase classname="testRunner.TestRunner" name="runScenario" time="1.026"/>
  <testcase classname="testRunner.TestRunner" name="runScenario" time="0.610"/>
  <testcase classname="testRunner.TestRunner" name="runScenario" time="0.593"/>
  <testcase classname="testRunner.TestRunner" name="runScenario" time="0.738"/>
  <testcase classname="testRunner.TestRunner" name="runScenario" time="0.953"/>
</testsuite> <!-- testRunner.TestRunner -->
